{
  "generated_at": "2026-02-06T03:55:41.085438+00:00",
  "total": 7,
  "passed": 6,
  "failed": [
    {
      "url": "https://github.com/apembere-wq/Simulator.git",
      "reason": "pip install -e . failed: error: subprocess-exited-with-error\n  \n  \u00d7 Getting requirements to build editable did not run successfully.\n  \u2502 exit code: 1\n  \u2570\u2500> [2 lines of output]\n      running egg_info\n      error: error in 'egg_base' option: 'src' does not exist or is not a directory\n      [end of output]\n  \n  note: This error originates from a subprocess, and is likely not a problem with pip.\nERROR: Failed to build 'file:///tmp/verify-9t1_04mv/repo' when getting requirements to build editable"
    }
  ]
}
